###### array 3x3 ######

6   9   2   

3   2   8   

8   1   9   



###### array 2x5 ######

5   1   4   1   1   

1   3   4   7   9   



###### array 5x2 ######

5   2   

9   9   

7   6   

9   1   

4   4   



###### array 5x5 ######

4   8   1   3   2   

3   5   2   7   8   

4   3   5   7   6   

9   1   4   7   7   

9   1   3   3   9   



###### array 10x10 ######

8   4   2   2   5   3   6   3   7   8   

9   9   7   2   7   5   7   1   6   4   

4   6   3   3   6   1   2   6   6   8   

1   5   9   1   1   6   9   6   5   7   

3   7   5   8   7   6   5   1   1   1   

9   5   5   7   8   2   3   1   7   1   

9   6   1   3   7   3   3   1   2   4   

9   9   7   2   3   6   7   9   7   9   

8   8   2   8   4   2   1   7   5   3   

2   3   8   1   3   1   3   4   6   6   



