########################################
---
Start 2022-09-22 01:50:09
Dist /Users/guranchik found.
/Users/guranchik/Level2
/Users/guranchik/Level2/Level1-8
/Users/guranchik/Level2/Level1-8/File-2.tst
/Users/guranchik/Level2/Level1-8/File-1.tst
/Users/guranchik/Level2/Level1-7
/Users/guranchik/Level2/Level1-7/File-5.tst
/Users/guranchik/Level2/Level1-7/File-4.tst
/Users/guranchik/Level2/Level1-7/File-3.tst
/Users/guranchik/Level2/Level1-7/File-2.tst
/Users/guranchik/Level2/Level1-7/File-1.tst
/Users/guranchik/Level2/Level1-6
/Users/guranchik/Level2/Level1-6/File-6.tst
/Users/guranchik/Level2/Level1-6/File-5.tst
/Users/guranchik/Level2/Level1-6/File-4.tst
/Users/guranchik/Level2/Level1-6/File-3.tst
/Users/guranchik/Level2/Level1-6/File-2.tst
/Users/guranchik/Level2/Level1-6/File-1.tst
/Users/guranchik/Level2/Level1-5
/Users/guranchik/Level2/Level1-5/File-7.tst
/Users/guranchik/Level2/Level1-5/File-6.tst
/Users/guranchik/Level2/Level1-5/File-5.tst
/Users/guranchik/Level2/Level1-5/File-4.tst
/Users/guranchik/Level2/Level1-5/File-3.tst
/Users/guranchik/Level2/Level1-5/File-2.tst
/Users/guranchik/Level2/Level1-5/File-1.tst
/Users/guranchik/Level2/Level1-4
/Users/guranchik/Level2/Level1-4/File-6.tst
/Users/guranchik/Level2/Level1-4/File-5.tst
/Users/guranchik/Level2/Level1-4/File-4.tst
/Users/guranchik/Level2/Level1-4/File-3.tst
/Users/guranchik/Level2/Level1-4/File-2.tst
/Users/guranchik/Level2/Level1-4/File-1.tst
/Users/guranchik/Level2/Level1-3
/Users/guranchik/Level2/Level1-3/File-7.tst
/Users/guranchik/Level2/Level1-3/File-6.tst
/Users/guranchik/Level2/Level1-3/File-5.tst
/Users/guranchik/Level2/Level1-3/File-4.tst
/Users/guranchik/Level2/Level1-3/File-3.tst
/Users/guranchik/Level2/Level1-3/File-2.tst
/Users/guranchik/Level2/Level1-3/File-1.tst
/Users/guranchik/Level2/Level1-2
/Users/guranchik/Level2/Level1-2/File-8.tst
/Users/guranchik/Level2/Level1-2/File-7.tst
/Users/guranchik/Level2/Level1-2/File-6.tst
/Users/guranchik/Level2/Level1-2/File-5.tst
/Users/guranchik/Level2/Level1-2/File-4.tst
/Users/guranchik/Level2/Level1-2/File-3.tst
/Users/guranchik/Level2/Level1-2/File-2.tst
/Users/guranchik/Level2/Level1-2/File-1.tst
/Users/guranchik/Level2/Level1-1
/Users/guranchik/Level2/Level1-1/File-3.tst
/Users/guranchik/Level2/Level1-1/File-2.tst
/Users/guranchik/Level2/Level1-1/File-1.tst
/Users/guranchik/Level2/File-6.tst
/Users/guranchik/Level2/File-5.tst
/Users/guranchik/Level2/File-4.tst
/Users/guranchik/Level2/File-3.tst
/Users/guranchik/Level2/File-2.tst
/Users/guranchik/Level2/File-1.tst
/Users/guranchik/Level2/Level1-5/File-1.tst - odd
/Users/guranchik/Level2/Level1-5/File-2.tst - even
/Users/guranchik/Level2/Level1-5/File-3.tst - odd
/Users/guranchik/Level2/Level1-5/File-7.tst - odd
/Users/guranchik/Level2/Level1-5/File-6.tst - even
/Users/guranchik/Level2/Level1-5/File-4.tst - even
/Users/guranchik/Level2/Level1-5/File-5.tst - odd
/Users/guranchik/Level2/Level1-2/File-8.tst - even
/Users/guranchik/Level2/Level1-2/File-1.tst - odd
/Users/guranchik/Level2/Level1-2/File-2.tst - even
/Users/guranchik/Level2/Level1-2/File-3.tst - odd
/Users/guranchik/Level2/Level1-2/File-7.tst - odd
/Users/guranchik/Level2/Level1-2/File-6.tst - even
/Users/guranchik/Level2/Level1-2/File-4.tst - even
/Users/guranchik/Level2/Level1-2/File-5.tst - odd
/Users/guranchik/Level2/Level1-3/File-1.tst - odd
/Users/guranchik/Level2/Level1-3/File-2.tst - even
/Users/guranchik/Level2/Level1-3/File-3.tst - odd
/Users/guranchik/Level2/Level1-3/File-7.tst - odd
/Users/guranchik/Level2/Level1-3/File-6.tst - even
/Users/guranchik/Level2/Level1-3/File-4.tst - even
/Users/guranchik/Level2/Level1-3/File-5.tst - odd
/Users/guranchik/Level2/Level1-4/File-1.tst - odd
/Users/guranchik/Level2/Level1-4/File-2.tst - even
/Users/guranchik/Level2/Level1-4/File-3.tst - odd
/Users/guranchik/Level2/Level1-4/File-6.tst - even
/Users/guranchik/Level2/Level1-4/File-4.tst - even
/Users/guranchik/Level2/Level1-4/File-5.tst - odd
/Users/guranchik/Level2/File-1.tst - odd
/Users/guranchik/Level2/File-2.tst - even
/Users/guranchik/Level2/File-3.tst - odd
/Users/guranchik/Level2/File-6.tst - even
/Users/guranchik/Level2/File-4.tst - even
/Users/guranchik/Level2/File-5.tst - odd
/Users/guranchik/Level2/Level1-1/File-1.tst - odd
/Users/guranchik/Level2/Level1-1/File-2.tst - even
/Users/guranchik/Level2/Level1-1/File-3.tst - odd
/Users/guranchik/Level2/Level1-6/File-1.tst - odd
/Users/guranchik/Level2/Level1-6/File-2.tst - even
/Users/guranchik/Level2/Level1-6/File-3.tst - odd
/Users/guranchik/Level2/Level1-6/File-6.tst - even
/Users/guranchik/Level2/Level1-6/File-4.tst - even
/Users/guranchik/Level2/Level1-6/File-5.tst - odd
/Users/guranchik/Level2/Level1-8/File-1.tst - odd
/Users/guranchik/Level2/Level1-8/File-2.tst - even
/Users/guranchik/Level2/Level1-7/File-1.tst - odd
/Users/guranchik/Level2/Level1-7/File-2.tst - even
/Users/guranchik/Level2/Level1-7/File-3.tst - odd
/Users/guranchik/Level2/Level1-7/File-4.tst - even
/Users/guranchik/Level2/Level1-7/File-5.tst - odd
