########################################
---
Start 2022-09-11 22:35:39
Dist /Users/guranchik found.
/Users/guranchik/Level0
########################################
---
Start 2022-09-11 22:35:41
Dist /Users/guranchik found.
/Users/guranchik/Level3
/Users/guranchik/Level3/Level2-5
/Users/guranchik/Level3/Level2-5/Level1-3
/Users/guranchik/Level3/Level2-5/Level1-3/File-5.tst
/Users/guranchik/Level3/Level2-5/Level1-3/File-4.tst
/Users/guranchik/Level3/Level2-5/Level1-3/File-3.tst
/Users/guranchik/Level3/Level2-5/Level1-3/File-2.tst
/Users/guranchik/Level3/Level2-5/Level1-3/File-1.tst
/Users/guranchik/Level3/Level2-5/Level1-2
/Users/guranchik/Level3/Level2-5/Level1-2/File-3.tst
/Users/guranchik/Level3/Level2-5/Level1-2/File-2.tst
/Users/guranchik/Level3/Level2-5/Level1-2/File-1.tst
/Users/guranchik/Level3/Level2-5/Level1-1
/Users/guranchik/Level3/Level2-5/Level1-1/File-6.tst
/Users/guranchik/Level3/Level2-5/Level1-1/File-5.tst
/Users/guranchik/Level3/Level2-5/Level1-1/File-4.tst
/Users/guranchik/Level3/Level2-5/Level1-1/File-3.tst
/Users/guranchik/Level3/Level2-5/Level1-1/File-2.tst
/Users/guranchik/Level3/Level2-5/Level1-1/File-1.tst
/Users/guranchik/Level3/Level2-5/File-9.tst
/Users/guranchik/Level3/Level2-5/File-8.tst
/Users/guranchik/Level3/Level2-5/File-7.tst
/Users/guranchik/Level3/Level2-5/File-6.tst
/Users/guranchik/Level3/Level2-5/File-5.tst
/Users/guranchik/Level3/Level2-5/File-4.tst
/Users/guranchik/Level3/Level2-5/File-3.tst
/Users/guranchik/Level3/Level2-5/File-2.tst
/Users/guranchik/Level3/Level2-5/File-1.tst
/Users/guranchik/Level3/Level2-4
/Users/guranchik/Level3/Level2-4/Level1-4
/Users/guranchik/Level3/Level2-4/Level1-4/File-4.tst
/Users/guranchik/Level3/Level2-4/Level1-4/File-3.tst
/Users/guranchik/Level3/Level2-4/Level1-4/File-2.tst
/Users/guranchik/Level3/Level2-4/Level1-4/File-1.tst
/Users/guranchik/Level3/Level2-4/Level1-3
/Users/guranchik/Level3/Level2-4/Level1-3/File-6.tst
/Users/guranchik/Level3/Level2-4/Level1-3/File-5.tst
/Users/guranchik/Level3/Level2-4/Level1-3/File-4.tst
/Users/guranchik/Level3/Level2-4/Level1-3/File-3.tst
/Users/guranchik/Level3/Level2-4/Level1-3/File-2.tst
/Users/guranchik/Level3/Level2-4/Level1-3/File-1.tst
/Users/guranchik/Level3/Level2-4/Level1-2
/Users/guranchik/Level3/Level2-4/Level1-2/File-1.tst
/Users/guranchik/Level3/Level2-4/Level1-1
/Users/guranchik/Level3/Level2-4/Level1-1/File-1.tst
/Users/guranchik/Level3/Level2-4/File-7.tst
/Users/guranchik/Level3/Level2-4/File-6.tst
/Users/guranchik/Level3/Level2-4/File-5.tst
/Users/guranchik/Level3/Level2-4/File-4.tst
/Users/guranchik/Level3/Level2-4/File-3.tst
/Users/guranchik/Level3/Level2-4/File-2.tst
/Users/guranchik/Level3/Level2-4/File-1.tst
/Users/guranchik/Level3/Level2-3
/Users/guranchik/Level3/Level2-3/Level1-3
/Users/guranchik/Level3/Level2-3/Level1-3/File-1.tst
/Users/guranchik/Level3/Level2-3/Level1-2
/Users/guranchik/Level3/Level2-3/Level1-2/File-7.tst
/Users/guranchik/Level3/Level2-3/Level1-2/File-6.tst
/Users/guranchik/Level3/Level2-3/Level1-2/File-5.tst
/Users/guranchik/Level3/Level2-3/Level1-2/File-4.tst
/Users/guranchik/Level3/Level2-3/Level1-2/File-3.tst
/Users/guranchik/Level3/Level2-3/Level1-2/File-2.tst
/Users/guranchik/Level3/Level2-3/Level1-2/File-1.tst
/Users/guranchik/Level3/Level2-3/Level1-1
/Users/guranchik/Level3/Level2-3/Level1-1/File-5.tst
/Users/guranchik/Level3/Level2-3/Level1-1/File-4.tst
/Users/guranchik/Level3/Level2-3/Level1-1/File-3.tst
/Users/guranchik/Level3/Level2-3/Level1-1/File-2.tst
/Users/guranchik/Level3/Level2-3/Level1-1/File-1.tst
/Users/guranchik/Level3/Level2-3/File-7.tst
/Users/guranchik/Level3/Level2-3/File-6.tst
/Users/guranchik/Level3/Level2-3/File-5.tst
/Users/guranchik/Level3/Level2-3/File-4.tst
/Users/guranchik/Level3/Level2-3/File-3.tst
/Users/guranchik/Level3/Level2-3/File-2.tst
/Users/guranchik/Level3/Level2-3/File-1.tst
/Users/guranchik/Level3/Level2-2
/Users/guranchik/Level3/Level2-2/Level1-6
/Users/guranchik/Level3/Level2-2/Level1-6/File-2.tst
/Users/guranchik/Level3/Level2-2/Level1-6/File-1.tst
/Users/guranchik/Level3/Level2-2/Level1-5
/Users/guranchik/Level3/Level2-2/Level1-5/File-5.tst
/Users/guranchik/Level3/Level2-2/Level1-5/File-4.tst
/Users/guranchik/Level3/Level2-2/Level1-5/File-3.tst
/Users/guranchik/Level3/Level2-2/Level1-5/File-2.tst
/Users/guranchik/Level3/Level2-2/Level1-5/File-1.tst
/Users/guranchik/Level3/Level2-2/Level1-4
/Users/guranchik/Level3/Level2-2/Level1-4/File-9.tst
/Users/guranchik/Level3/Level2-2/Level1-4/File-8.tst
/Users/guranchik/Level3/Level2-2/Level1-4/File-7.tst
/Users/guranchik/Level3/Level2-2/Level1-4/File-6.tst
/Users/guranchik/Level3/Level2-2/Level1-4/File-5.tst
/Users/guranchik/Level3/Level2-2/Level1-4/File-4.tst
/Users/guranchik/Level3/Level2-2/Level1-4/File-3.tst
/Users/guranchik/Level3/Level2-2/Level1-4/File-2.tst
/Users/guranchik/Level3/Level2-2/Level1-4/File-1.tst
/Users/guranchik/Level3/Level2-2/Level1-3
/Users/guranchik/Level3/Level2-2/Level1-3/File-7.tst
/Users/guranchik/Level3/Level2-2/Level1-3/File-6.tst
/Users/guranchik/Level3/Level2-2/Level1-3/File-5.tst
/Users/guranchik/Level3/Level2-2/Level1-3/File-4.tst
/Users/guranchik/Level3/Level2-2/Level1-3/File-3.tst
/Users/guranchik/Level3/Level2-2/Level1-3/File-2.tst
/Users/guranchik/Level3/Level2-2/Level1-3/File-1.tst
/Users/guranchik/Level3/Level2-2/Level1-2
/Users/guranchik/Level3/Level2-2/Level1-2/File-4.tst
/Users/guranchik/Level3/Level2-2/Level1-2/File-3.tst
/Users/guranchik/Level3/Level2-2/Level1-2/File-2.tst
/Users/guranchik/Level3/Level2-2/Level1-2/File-1.tst
/Users/guranchik/Level3/Level2-2/Level1-1
/Users/guranchik/Level3/Level2-2/Level1-1/File-2.tst
/Users/guranchik/Level3/Level2-2/Level1-1/File-1.tst
/Users/guranchik/Level3/Level2-2/File-3.tst
/Users/guranchik/Level3/Level2-2/File-2.tst
/Users/guranchik/Level3/Level2-2/File-1.tst
/Users/guranchik/Level3/Level2-1
/Users/guranchik/Level3/Level2-1/Level1-5
/Users/guranchik/Level3/Level2-1/Level1-5/File-3.tst
/Users/guranchik/Level3/Level2-1/Level1-5/File-2.tst
/Users/guranchik/Level3/Level2-1/Level1-5/File-1.tst
/Users/guranchik/Level3/Level2-1/Level1-4
/Users/guranchik/Level3/Level2-1/Level1-4/File-2.tst
/Users/guranchik/Level3/Level2-1/Level1-4/File-1.tst
/Users/guranchik/Level3/Level2-1/Level1-3
/Users/guranchik/Level3/Level2-1/Level1-3/File-5.tst
/Users/guranchik/Level3/Level2-1/Level1-3/File-4.tst
/Users/guranchik/Level3/Level2-1/Level1-3/File-3.tst
/Users/guranchik/Level3/Level2-1/Level1-3/File-2.tst
/Users/guranchik/Level3/Level2-1/Level1-3/File-1.tst
/Users/guranchik/Level3/Level2-1/Level1-2
/Users/guranchik/Level3/Level2-1/Level1-2/File-9.tst
/Users/guranchik/Level3/Level2-1/Level1-2/File-8.tst
/Users/guranchik/Level3/Level2-1/Level1-2/File-7.tst
/Users/guranchik/Level3/Level2-1/Level1-2/File-6.tst
/Users/guranchik/Level3/Level2-1/Level1-2/File-5.tst
/Users/guranchik/Level3/Level2-1/Level1-2/File-4.tst
/Users/guranchik/Level3/Level2-1/Level1-2/File-3.tst
/Users/guranchik/Level3/Level2-1/Level1-2/File-2.tst
/Users/guranchik/Level3/Level2-1/Level1-2/File-1.tst
/Users/guranchik/Level3/Level2-1/Level1-1
/Users/guranchik/Level3/Level2-1/Level1-1/File-7.tst
/Users/guranchik/Level3/Level2-1/Level1-1/File-6.tst
/Users/guranchik/Level3/Level2-1/Level1-1/File-5.tst
/Users/guranchik/Level3/Level2-1/Level1-1/File-4.tst
/Users/guranchik/Level3/Level2-1/Level1-1/File-3.tst
/Users/guranchik/Level3/Level2-1/Level1-1/File-2.tst
/Users/guranchik/Level3/Level2-1/Level1-1/File-1.tst
/Users/guranchik/Level3/Level2-1/File-9.tst
/Users/guranchik/Level3/Level2-1/File-8.tst
/Users/guranchik/Level3/Level2-1/File-7.tst
/Users/guranchik/Level3/Level2-1/File-6.tst
/Users/guranchik/Level3/Level2-1/File-5.tst
/Users/guranchik/Level3/Level2-1/File-4.tst
/Users/guranchik/Level3/Level2-1/File-3.tst
/Users/guranchik/Level3/Level2-1/File-2.tst
/Users/guranchik/Level3/Level2-1/File-1.tst
/Users/guranchik/Level3/File-6.tst
/Users/guranchik/Level3/File-5.tst
/Users/guranchik/Level3/File-4.tst
/Users/guranchik/Level3/File-3.tst
/Users/guranchik/Level3/File-2.tst
/Users/guranchik/Level3/File-1.tst
